2021-06-20 16:45:54,675 CRIT Supervisor is running as root.  Privileges were not dropped because no user is specified in the config file.  If you intend to run as root, you can set user=root in the config file to avoid this message.
2021-06-20 16:45:54,684 INFO supervisord started with pid 1
2021-06-20 16:45:55,691 INFO spawned: 'appium_script' with pid 7
2021-06-20 16:45:55,698 INFO spawned: 'devicedetails_script' with pid 8
2021-06-20 16:45:55,707 INFO spawned: 'emulator_script' with pid 9
2021-06-20 16:45:55,714 INFO spawned: 'minicap_script' with pid 10
2021-06-20 16:45:56,716 INFO success: appium_script entered RUNNING state, process has stayed up for > than 1 seconds (startsecs)
2021-06-20 16:45:56,717 INFO success: devicedetails_script entered RUNNING state, process has stayed up for > than 1 seconds (startsecs)
2021-06-20 16:45:56,717 INFO success: emulator_script entered RUNNING state, process has stayed up for > than 1 seconds (startsecs)
2021-06-20 16:45:56,717 INFO success: minicap_script entered RUNNING state, process has stayed up for > than 1 seconds (startsecs)
2021-06-20 16:45:58,816 INFO reaped unknown pid 27
2021-06-20 16:45:58,818 INFO reaped unknown pid 48
2021-06-20 16:48:58,927 INFO exited: minicap_script (exit status 0; expected)
2021-06-20 16:49:23,849 INFO exited: devicedetails_script (exit status 0; expected)
2021-06-20 17:03:57,695 WARN received SIGTERM indicating exit request
2021-06-20 17:03:58,884 INFO waiting for appium_script, emulator_script to die
2021-06-20 17:04:02,346 INFO waiting for appium_script, emulator_script to die
2021-06-20 17:04:05,351 INFO waiting for appium_script, emulator_script to die
2021-06-20 17:08:17,513 CRIT Supervisor is running as root.  Privileges were not dropped because no user is specified in the config file.  If you intend to run as root, you can set user=root in the config file to avoid this message.
2021-06-20 17:08:17,659 INFO supervisord started with pid 1
2021-06-20 17:08:18,695 INFO spawned: 'appium_script' with pid 8
2021-06-20 17:08:18,702 INFO spawned: 'devicedetails_script' with pid 9
2021-06-20 17:08:18,901 INFO spawned: 'emulator_script' with pid 15
2021-06-20 17:08:18,908 INFO spawned: 'minicap_script' with pid 16
2021-06-20 17:08:19,912 INFO success: appium_script entered RUNNING state, process has stayed up for > than 1 seconds (startsecs)
2021-06-20 17:08:19,913 INFO success: devicedetails_script entered RUNNING state, process has stayed up for > than 1 seconds (startsecs)
2021-06-20 17:08:19,913 INFO success: emulator_script entered RUNNING state, process has stayed up for > than 1 seconds (startsecs)
2021-06-20 17:08:19,913 INFO success: minicap_script entered RUNNING state, process has stayed up for > than 1 seconds (startsecs)
2021-06-20 17:08:34,116 INFO reaped unknown pid 48
2021-06-20 17:08:35,479 INFO reaped unknown pid 70
2021-06-20 17:11:23,114 INFO exited: minicap_script (exit status 0; expected)
2021-06-20 17:11:37,773 INFO exited: devicedetails_script (exit status 0; expected)
2021-06-20 17:17:21,026 WARN received SIGTERM indicating exit request
2021-06-20 17:17:21,149 INFO waiting for appium_script, emulator_script to die
2021-06-20 17:17:24,820 INFO waiting for appium_script, emulator_script to die
2021-06-20 17:17:25,821 INFO stopped: emulator_script (exit status 0)
2021-06-20 17:17:25,822 INFO reaped unknown pid 81
2021-06-20 17:17:25,822 INFO reaped unknown pid 82
2021-06-20 17:17:25,823 INFO reaped unknown pid 83
2021-06-20 17:17:25,823 INFO reaped unknown pid 84
2021-06-20 17:17:25,826 INFO stopped: appium_script (terminated by SIGTERM)
2021-06-20 17:19:26,314 CRIT Supervisor is running as root.  Privileges were not dropped because no user is specified in the config file.  If you intend to run as root, you can set user=root in the config file to avoid this message.
2021-06-20 17:19:26,338 INFO supervisord started with pid 1
2021-06-20 17:19:27,344 INFO spawned: 'appium_script' with pid 7
2021-06-20 17:19:27,351 INFO spawned: 'devicedetails_script' with pid 8
2021-06-20 17:19:27,358 INFO spawned: 'emulator_script' with pid 9
2021-06-20 17:19:27,367 INFO spawned: 'minicap_script' with pid 10
2021-06-20 17:19:28,372 INFO success: appium_script entered RUNNING state, process has stayed up for > than 1 seconds (startsecs)
2021-06-20 17:19:28,373 INFO success: devicedetails_script entered RUNNING state, process has stayed up for > than 1 seconds (startsecs)
2021-06-20 17:19:28,373 INFO success: emulator_script entered RUNNING state, process has stayed up for > than 1 seconds (startsecs)
2021-06-20 17:19:28,373 INFO success: minicap_script entered RUNNING state, process has stayed up for > than 1 seconds (startsecs)
2021-06-20 17:19:37,012 INFO reaped unknown pid 48
2021-06-20 17:19:37,012 INFO reaped unknown pid 68
2021-06-20 17:22:28,339 INFO exited: minicap_script (exit status 0; expected)
2021-06-20 17:22:34,661 INFO exited: devicedetails_script (exit status 0; expected)
2021-06-20 17:31:37,092 WARN received SIGTERM indicating exit request
2021-06-20 17:31:37,092 INFO waiting for appium_script, emulator_script to die
2021-06-20 17:31:40,999 INFO stopped: emulator_script (exit status 0)
2021-06-20 17:31:40,999 INFO reaped unknown pid 493
2021-06-20 17:31:41,000 INFO reaped unknown pid 80
2021-06-20 17:31:41,000 INFO reaped unknown pid 81
2021-06-20 17:31:41,000 INFO reaped unknown pid 82
2021-06-20 17:31:41,001 INFO reaped unknown pid 83
2021-06-20 17:31:41,001 INFO waiting for appium_script to die
2021-06-20 17:31:41,003 INFO stopped: appium_script (terminated by SIGTERM)
2021-06-22 23:51:57,149 CRIT Supervisor is running as root.  Privileges were not dropped because no user is specified in the config file.  If you intend to run as root, you can set user=root in the config file to avoid this message.
2021-06-22 23:51:57,154 INFO supervisord started with pid 1
2021-06-22 23:51:58,183 INFO spawned: 'appium_script' with pid 8
2021-06-22 23:51:58,280 INFO spawned: 'emulator_script' with pid 9
2021-06-22 23:51:58,287 INFO spawned: 'mini_script' with pid 10
2021-06-22 23:51:58,295 INFO spawned: 'minicap_script' with pid 12
2021-06-22 23:51:59,299 INFO success: appium_script entered RUNNING state, process has stayed up for > than 1 seconds (startsecs)
2021-06-22 23:51:59,300 INFO success: emulator_script entered RUNNING state, process has stayed up for > than 1 seconds (startsecs)
2021-06-22 23:51:59,300 INFO success: mini_script entered RUNNING state, process has stayed up for > than 1 seconds (startsecs)
2021-06-22 23:51:59,300 INFO success: minicap_script entered RUNNING state, process has stayed up for > than 1 seconds (startsecs)
2021-06-22 23:52:04,233 INFO reaped unknown pid 34
2021-06-22 23:52:04,737 INFO reaped unknown pid 67
2021-06-22 23:52:23,917 WARN received SIGINT indicating exit request
2021-06-22 23:52:23,918 INFO waiting for appium_script, emulator_script, mini_script, minicap_script to die
2021-06-22 23:52:24,049 INFO stopped: minicap_script (terminated by SIGTERM)
2021-06-22 23:52:24,053 INFO stopped: mini_script (terminated by SIGTERM)
2021-06-22 23:52:25,056 INFO stopped: emulator_script (terminated by SIGTERM)
2021-06-22 23:52:25,056 INFO reaped unknown pid 84
2021-06-22 23:52:25,056 INFO reaped unknown pid 85
2021-06-22 23:52:25,542 INFO stopped: appium_script (terminated by SIGTERM)
2021-06-22 23:52:38,300 CRIT Supervisor is running as root.  Privileges were not dropped because no user is specified in the config file.  If you intend to run as root, you can set user=root in the config file to avoid this message.
2021-06-22 23:52:38,302 INFO supervisord started with pid 1
2021-06-22 23:52:39,308 INFO spawned: 'appium_script' with pid 8
2021-06-22 23:52:39,310 INFO spawned: 'emulator_script' with pid 9
2021-06-22 23:52:39,314 INFO spawned: 'mini_script' with pid 11
2021-06-22 23:52:39,317 INFO spawned: 'minicap_script' with pid 19
2021-06-22 23:52:39,453 INFO reaped unknown pid 46
2021-06-22 23:52:39,463 INFO reaped unknown pid 73
2021-06-22 23:52:40,467 INFO success: appium_script entered RUNNING state, process has stayed up for > than 1 seconds (startsecs)
2021-06-22 23:52:40,467 INFO success: emulator_script entered RUNNING state, process has stayed up for > than 1 seconds (startsecs)
2021-06-22 23:52:40,469 INFO success: mini_script entered RUNNING state, process has stayed up for > than 1 seconds (startsecs)
2021-06-22 23:52:40,469 INFO success: minicap_script entered RUNNING state, process has stayed up for > than 1 seconds (startsecs)
2021-06-22 23:53:27,335 WARN received SIGINT indicating exit request
2021-06-22 23:53:27,656 INFO waiting for appium_script, emulator_script, mini_script, minicap_script to die
2021-06-22 23:53:27,788 INFO stopped: minicap_script (terminated by SIGTERM)
2021-06-22 23:53:27,882 INFO stopped: mini_script (terminated by SIGTERM)
2021-06-22 23:53:28,989 INFO stopped: emulator_script (exit status 0)
2021-06-22 23:53:28,989 INFO reaped unknown pid 84
2021-06-22 23:53:28,990 INFO reaped unknown pid 85
2021-06-22 23:53:28,990 INFO reaped unknown pid 86
2021-06-22 23:53:28,991 INFO reaped unknown pid 87
2021-06-22 23:53:29,995 INFO stopped: appium_script (terminated by SIGTERM)
